2026-02-06 13:55:58,474 - worldid_rewards - INFO - WorldID Reward Distribution System API initialized
2026-02-06 14:43:06,624 - worldid_rewards - INFO - WorldID Reward Distribution System API initialized
2026-02-06 14:43:22,353 - worldid_rewards - INFO - WorldID Reward Distribution System API initialized
2026-02-06 14:43:32,344 - worldid_rewards - INFO - WorldID Reward Distribution System API initialized
2026-02-06 14:43:52,467 - worldid_rewards - INFO - WorldID Reward Distribution System API initialized
2026-02-06 14:44:30,019 - worldid_rewards - INFO - WorldID Reward Distribution System API initialized
2026-02-06 14:44:47,629 - worldid_rewards - INFO - WorldID Reward Distribution System API initialized
2026-02-06 15:07:08,565 - worldid_rewards - INFO - WorldID Reward Distribution System API initialized
2026-02-06 15:07:12,034 - worldid_rewards - INFO - WorldID Reward Distribution System API initialized
2026-02-06 15:07:14,108 - worldid_rewards - INFO - WorldID Reward Distribution System API initialized
2026-02-06 15:07:21,977 - worldid_rewards - INFO - WorldID Reward Distribution System API initialized
2026-02-06 15:07:42,892 - worldid_rewards - INFO - WorldID Reward Distribution System API initialized
2026-02-06 15:07:49,981 - worldid_rewards - INFO - WorldID Reward Distribution System API initialized
2026-02-06 15:07:56,503 - worldid_rewards - INFO - WorldID Reward Distribution System API initialized
2026-02-06 15:08:01,700 - worldid_rewards - INFO - WorldID Reward Distribution System API initialized
2026-02-06 15:08:07,398 - worldid_rewards - INFO - WorldID Reward Distribution System API initialized
2026-02-06 15:39:42,051 - worldid_rewards - INFO - WorldID Reward Distribution System API initialized
2026-02-06 15:51:55,717 - worldid_rewards - INFO - WorldID Reward Distribution System API initialized
2026-02-06 15:53:13,482 - worldid_rewards - INFO - New participant created: 1 (Google ID: 117723283014950947618)
2026-02-06 15:53:13,483 - worldid_rewards - INFO - Participant authenticated: 1 (Google ID: 117723283014950947618)
2026-02-06 15:53:50,286 - worldid_rewards - INFO - WorldID Reward Distribution System API initialized
2026-02-06 15:53:58,410 - worldid_rewards - INFO - WorldID Reward Distribution System API initialized
2026-02-06 15:54:01,307 - worldid_rewards - INFO - WorldID Reward Distribution System API initialized
2026-02-06 15:54:05,588 - worldid_rewards - INFO - WorldID Reward Distribution System API initialized
2026-02-06 15:54:21,364 - worldid_rewards - INFO - WorldID Reward Distribution System API initialized
2026-02-06 15:54:28,322 - worldid_rewards - INFO - WorldID Reward Distribution System API initialized
2026-02-06 16:05:27,408 - worldid_rewards - INFO - WorldID Reward Distribution System API initialized
2026-02-06 16:07:30,061 - worldid_rewards - INFO - Participant authenticated: 1 (Google ID: 117723283014950947618)
2026-02-06 16:18:34,275 - worldid_rewards - INFO - WorldID Reward Distribution System API initialized
2026-02-06 16:26:45,287 - worldid_rewards - INFO - WorldID Reward Distribution System API initialized
2026-02-06 16:33:42,054 - worldid_rewards - INFO - WorldID Reward Distribution System API initialized
2026-02-06 16:34:51,517 - worldid_rewards - INFO - WorldID Reward Distribution System API initialized
2026-02-06 16:36:47,393 - worldid_rewards - INFO - WorldID Reward Distribution System API initialized
2026-02-06 16:40:17,958 - worldid_rewards - INFO - WorldID Reward Distribution System API initialized
2026-02-06 16:40:38,007 - worldid_rewards - INFO - WorldID Reward Distribution System API initialized
2026-02-06 16:46:59,563 - worldid_rewards - INFO - WorldID Reward Distribution System API initialized
2026-02-06 16:59:56,850 - worldid_rewards - INFO - WorldID Reward Distribution System API initialized
2026-02-06 17:02:14,208 - worldid_rewards - ERROR - Google token verification failed: Wrong number of segments in token: b'test'
2026-02-06 17:15:54,020 - worldid_rewards - INFO - WorldID Reward Distribution System API initialized
2026-02-06 17:16:31,660 - worldid_rewards - INFO - WorldID Reward Distribution System API initialized
2026-02-06 17:17:54,122 - worldid_rewards - INFO - WorldID Reward Distribution System API initialized
2026-02-06 17:20:43,477 - worldid_rewards - INFO - WorldID Reward Distribution System API initialized
2026-02-06 17:22:08,279 - worldid_rewards - ERROR - Google token verification failed: Wrong number of segments in token: b'test'
2026-02-06 17:22:10,697 - worldid_rewards - ERROR - Google token verification failed: Wrong number of segments in token: b'test'
2026-02-06 17:25:34,893 - worldid_rewards - ERROR - Google token verification failed: Wrong number of segments in token: b'test'
2026-02-06 17:27:47,701 - worldid_rewards - INFO - Participant authenticated: 1 (Google ID: 117723283014950947618)
2026-02-06 17:35:13,061 - worldid_rewards - INFO - WorldID Reward Distribution System API initialized
2026-02-06 17:40:56,158 - worldid_rewards - INFO - Participant authenticated: 1 (Google ID: 117723283014950947618)
2026-02-06 17:47:55,186 - worldid_rewards - INFO - WorldID Reward Distribution System API initialized
2026-02-06 17:51:43,781 - worldid_rewards - INFO - WorldID Reward Distribution System API initialized
2026-02-06 17:55:08,081 - worldid_rewards - INFO - WorldID Reward Distribution System API initialized
2026-02-06 18:01:03,425 - worldid_rewards - INFO - WorldID Reward Distribution System API initialized
2026-02-06 19:47:02,748 - worldid_rewards - INFO - WorldID Reward Distribution System API initialized
2026-02-06 19:47:38,045 - worldid_rewards - INFO - WorldID Reward Distribution System API initialized
2026-02-06 19:47:58,967 - worldid_rewards - INFO - WorldID Reward Distribution System API initialized
2026-02-06 19:48:10,029 - worldid_rewards - INFO - WorldID Reward Distribution System API initialized
2026-02-06 19:48:27,255 - worldid_rewards - INFO - WorldID Reward Distribution System API initialized
2026-02-06 19:48:30,212 - worldid_rewards - INFO - WorldID Reward Distribution System API initialized
2026-02-06 19:50:32,660 - worldid_rewards - INFO - WorldID Reward Distribution System API initialized
2026-02-06 19:53:17,553 - worldid_rewards - INFO - WorldID Reward Distribution System API initialized
2026-02-06 19:53:19,578 - worldid_rewards - INFO - WorldID Reward Distribution System API initialized
2026-02-06 19:53:33,099 - worldid_rewards - INFO - WorldID Reward Distribution System API initialized
2026-02-06 19:55:26,952 - worldid_rewards - INFO - WorldID Reward Distribution System API initialized
2026-02-06 19:59:24,255 - worldid_rewards - INFO - WorldID Reward Distribution System API initialized
2026-02-06 20:14:37,562 - worldid_rewards - ERROR - Unexpected error verifying Google token: HTTPSConnectionPool(host='www.googleapis.com', port=443): Max retries exceeded with url: /oauth2/v1/certs (Caused by ConnectTimeoutError(<urllib3.connection.HTTPSConnection object at 0xffffabe0df90>, 'Connection to www.googleapis.com timed out. (connect timeout=120)'))
2026-02-06 20:35:14,543 - worldid_rewards - ERROR - Unexpected error verifying Google token: HTTPSConnectionPool(host='www.googleapis.com', port=443): Max retries exceeded with url: /oauth2/v1/certs (Caused by ConnectTimeoutError(<urllib3.connection.HTTPSConnection object at 0xffffabe0eb90>, 'Connection to www.googleapis.com timed out. (connect timeout=120)'))
2026-02-06 20:56:20,666 - worldid_rewards - INFO - WorldID Reward Distribution System API initialized
2026-02-06 20:56:44,758 - worldid_rewards - WARNING - participant_id column does not exist. Using raw SQL query.
2026-02-06 20:57:51,119 - worldid_rewards - INFO - WorldID Reward Distribution System API initialized
2026-02-06 20:57:59,227 - worldid_rewards - INFO - WorldID Reward Distribution System API initialized
2026-02-06 20:58:06,409 - worldid_rewards - INFO - WorldID Reward Distribution System API initialized
2026-02-06 20:58:10,369 - worldid_rewards - INFO - WorldID Reward Distribution System API initialized
2026-02-06 20:58:29,832 - worldid_rewards - INFO - WorldID Reward Distribution System API initialized
2026-02-06 20:58:36,803 - worldid_rewards - INFO - WorldID Reward Distribution System API initialized
2026-02-06 20:59:02,379 - worldid_rewards - WARNING - participant_id column does not exist. Using raw SQL query.
2026-02-06 20:59:09,718 - worldid_rewards - ERROR - Database error in find_or_create_participant: Could not determine join condition between parent/child tables on relationship Organizer.events - there are no foreign keys linking these tables.  Ensure that referencing columns are associated with a ForeignKey or ForeignKeyConstraint, or specify a 'primaryjoin' expression.
Traceback (most recent call last):
  File "/usr/local/lib/python3.11/site-packages/sqlalchemy/orm/relationships.py", line 2419, in _determine_joins
    self.primaryjoin = join_condition(
                       ^^^^^^^^^^^^^^^
  File "/usr/local/lib/python3.11/site-packages/sqlalchemy/sql/util.py", line 123, in join_condition
    return Join._join_condition(
           ^^^^^^^^^^^^^^^^^^^^^
  File "/usr/local/lib/python3.11/site-packages/sqlalchemy/sql/selectable.py", line 1358, in _join_condition
    raise exc.NoForeignKeysError(
sqlalchemy.exc.NoForeignKeysError: Can't find any foreign key relationships between 'organizers' and 'events'.

The above exception was the direct cause of the following exception:

Traceback (most recent call last):
  File "/app/app/services/google_auth_service.py", line 76, in find_or_create_participant
    participant = db.query(Participant).filter(
                  ^^^^^^^^^^^^^^^^^^^^^
  File "/usr/local/lib/python3.11/site-packages/sqlalchemy/orm/session.py", line 2912, in query
    return self._query_cls(entities, self, **kwargs)
           ^^^^^^^^^^^^^^^^^^^^^^^^^^^^^^^^^^^^^^^^^
  File "/usr/local/lib/python3.11/site-packages/sqlalchemy/orm/query.py", line 276, in __init__
    self._set_entities(entities)
  File "/usr/local/lib/python3.11/site-packages/sqlalchemy/orm/query.py", line 288, in _set_entities
    self._raw_columns = [
                        ^
  File "/usr/local/lib/python3.11/site-packages/sqlalchemy/orm/query.py", line 289, in <listcomp>
    coercions.expect(
  File "/usr/local/lib/python3.11/site-packages/sqlalchemy/sql/coercions.py", line 406, in expect
    insp._post_inspect
  File "/usr/local/lib/python3.11/site-packages/sqlalchemy/util/langhelpers.py", line 1260, in __get__
    obj.__dict__[self.__name__] = result = self.fget(obj)
                                           ^^^^^^^^^^^^^^
  File "/usr/local/lib/python3.11/site-packages/sqlalchemy/orm/mapper.py", line 2707, in _post_inspect
    self._check_configure()
  File "/usr/local/lib/python3.11/site-packages/sqlalchemy/orm/mapper.py", line 2386, in _check_configure
    _configure_registries({self.registry}, cascade=True)
  File "/usr/local/lib/python3.11/site-packages/sqlalchemy/orm/mapper.py", line 4199, in _configure_registries
    _do_configure_registries(registries, cascade)
  File "/usr/local/lib/python3.11/site-packages/sqlalchemy/orm/mapper.py", line 4240, in _do_configure_registries
    mapper._post_configure_properties()
  File "/usr/local/lib/python3.11/site-packages/sqlalchemy/orm/mapper.py", line 2403, in _post_configure_properties
    prop.init()
  File "/usr/local/lib/python3.11/site-packages/sqlalchemy/orm/interfaces.py", line 579, in init
    self.do_init()
  File "/usr/local/lib/python3.11/site-packages/sqlalchemy/orm/relationships.py", line 1637, in do_init
    self._setup_join_conditions()
  File "/usr/local/lib/python3.11/site-packages/sqlalchemy/orm/relationships.py", line 1882, in _setup_join_conditions
    self._join_condition = jc = JoinCondition(
                                ^^^^^^^^^^^^^^
  File "/usr/local/lib/python3.11/site-packages/sqlalchemy/orm/relationships.py", line 2306, in __init__
    self._determine_joins()
  File "/usr/local/lib/python3.11/site-packages/sqlalchemy/orm/relationships.py", line 2440, in _determine_joins
    raise sa_exc.NoForeignKeysError(
sqlalchemy.exc.NoForeignKeysError: Could not determine join condition between parent/child tables on relationship Organizer.events - there are no foreign keys linking these tables.  Ensure that referencing columns are associated with a ForeignKey or ForeignKeyConstraint, or specify a 'primaryjoin' expression.
2026-02-06 20:59:09,724 - worldid_rewards - ERROR - Database error creating/finding participant: Could not determine join condition between parent/child tables on relationship Organizer.events - there are no foreign keys linking these tables.  Ensure that referencing columns are associated with a ForeignKey or ForeignKeyConstraint, or specify a 'primaryjoin' expression.
Traceback (most recent call last):
  File "/usr/local/lib/python3.11/site-packages/sqlalchemy/orm/relationships.py", line 2419, in _determine_joins
    self.primaryjoin = join_condition(
                       ^^^^^^^^^^^^^^^
  File "/usr/local/lib/python3.11/site-packages/sqlalchemy/sql/util.py", line 123, in join_condition
    return Join._join_condition(
           ^^^^^^^^^^^^^^^^^^^^^
  File "/usr/local/lib/python3.11/site-packages/sqlalchemy/sql/selectable.py", line 1358, in _join_condition
    raise exc.NoForeignKeysError(
sqlalchemy.exc.NoForeignKeysError: Can't find any foreign key relationships between 'organizers' and 'events'.

The above exception was the direct cause of the following exception:

Traceback (most recent call last):
  File "/app/app/api/routes/auth.py", line 48, in verify_google_token
    participant = GoogleAuthService.find_or_create_participant(
                  ^^^^^^^^^^^^^^^^^^^^^^^^^^^^^^^^^^^^^^^^^^^^^
  File "/app/app/services/google_auth_service.py", line 76, in find_or_create_participant
    participant = db.query(Participant).filter(
                  ^^^^^^^^^^^^^^^^^^^^^
  File "/usr/local/lib/python3.11/site-packages/sqlalchemy/orm/session.py", line 2912, in query
    return self._query_cls(entities, self, **kwargs)
           ^^^^^^^^^^^^^^^^^^^^^^^^^^^^^^^^^^^^^^^^^
  File "/usr/local/lib/python3.11/site-packages/sqlalchemy/orm/query.py", line 276, in __init__
    self._set_entities(entities)
  File "/usr/local/lib/python3.11/site-packages/sqlalchemy/orm/query.py", line 288, in _set_entities
    self._raw_columns = [
                        ^
  File "/usr/local/lib/python3.11/site-packages/sqlalchemy/orm/query.py", line 289, in <listcomp>
    coercions.expect(
  File "/usr/local/lib/python3.11/site-packages/sqlalchemy/sql/coercions.py", line 406, in expect
    insp._post_inspect
  File "/usr/local/lib/python3.11/site-packages/sqlalchemy/util/langhelpers.py", line 1260, in __get__
    obj.__dict__[self.__name__] = result = self.fget(obj)
                                           ^^^^^^^^^^^^^^
  File "/usr/local/lib/python3.11/site-packages/sqlalchemy/orm/mapper.py", line 2707, in _post_inspect
    self._check_configure()
  File "/usr/local/lib/python3.11/site-packages/sqlalchemy/orm/mapper.py", line 2386, in _check_configure
    _configure_registries({self.registry}, cascade=True)
  File "/usr/local/lib/python3.11/site-packages/sqlalchemy/orm/mapper.py", line 4199, in _configure_registries
    _do_configure_registries(registries, cascade)
  File "/usr/local/lib/python3.11/site-packages/sqlalchemy/orm/mapper.py", line 4240, in _do_configure_registries
    mapper._post_configure_properties()
  File "/usr/local/lib/python3.11/site-packages/sqlalchemy/orm/mapper.py", line 2403, in _post_configure_properties
    prop.init()
  File "/usr/local/lib/python3.11/site-packages/sqlalchemy/orm/interfaces.py", line 579, in init
    self.do_init()
  File "/usr/local/lib/python3.11/site-packages/sqlalchemy/orm/relationships.py", line 1637, in do_init
    self._setup_join_conditions()
  File "/usr/local/lib/python3.11/site-packages/sqlalchemy/orm/relationships.py", line 1882, in _setup_join_conditions
    self._join_condition = jc = JoinCondition(
                                ^^^^^^^^^^^^^^
  File "/usr/local/lib/python3.11/site-packages/sqlalchemy/orm/relationships.py", line 2306, in __init__
    self._determine_joins()
  File "/usr/local/lib/python3.11/site-packages/sqlalchemy/orm/relationships.py", line 2440, in _determine_joins
    raise sa_exc.NoForeignKeysError(
sqlalchemy.exc.NoForeignKeysError: Could not determine join condition between parent/child tables on relationship Organizer.events - there are no foreign keys linking these tables.  Ensure that referencing columns are associated with a ForeignKey or ForeignKeyConstraint, or specify a 'primaryjoin' expression.
2026-02-06 20:59:39,515 - worldid_rewards - INFO - WorldID Reward Distribution System API initialized
2026-02-06 20:59:58,216 - worldid_rewards - INFO - WorldID Reward Distribution System API initialized
2026-02-06 21:00:06,209 - worldid_rewards - INFO - WorldID Reward Distribution System API initialized
2026-02-06 21:00:26,768 - worldid_rewards - WARNING - participant_id column does not exist. Using raw SQL query.
2026-02-06 21:00:31,454 - worldid_rewards - INFO - Participant authenticated: 1 (Google ID: 117723283014950947618)
2026-02-06 21:00:56,464 - worldid_rewards - INFO - WorldID Reward Distribution System API initialized
2026-02-06 21:00:59,649 - worldid_rewards - INFO - WorldID Reward Distribution System API initialized
2026-02-06 21:01:20,218 - worldid_rewards - INFO - WorldID Reward Distribution System API initialized
2026-02-06 21:01:38,979 - worldid_rewards - INFO - WorldID Reward Distribution System API initialized
2026-02-06 21:01:45,070 - worldid_rewards - INFO - WorldID Reward Distribution System API initialized
2026-02-06 21:02:09,393 - worldid_rewards - WARNING - participant_id column does not exist. Returning profile without events.
2026-02-06 21:02:09,400 - worldid_rewards - WARNING - participant_id column does not exist. Returning empty list.
2026-02-06 21:02:17,921 - worldid_rewards - WARNING - participant_id column does not exist. Using raw SQL query.
2026-02-06 21:02:33,571 - worldid_rewards - WARNING - participant_id column does not exist. Returning empty list.
2026-02-06 21:02:33,575 - worldid_rewards - WARNING - participant_id column does not exist. Returning profile without events.
2026-02-06 21:03:18,377 - worldid_rewards - WARNING - participant_id column does not exist. Using raw SQL query.
2026-02-06 21:03:19,370 - worldid_rewards - WARNING - participant_id column does not exist. Returning profile without events.
2026-02-06 21:03:19,375 - worldid_rewards - WARNING - participant_id column does not exist. Returning empty list.
2026-02-06 21:04:09,867 - worldid_rewards - INFO - WorldID Reward Distribution System API initialized
2026-02-06 21:04:28,641 - worldid_rewards - INFO - WorldID Reward Distribution System API initialized
2026-02-06 21:04:45,381 - worldid_rewards - INFO - WorldID Reward Distribution System API initialized
2026-02-06 21:05:06,520 - worldid_rewards - ERROR - participant_id column does not exist. Database migration required.
2026-02-06 21:05:43,051 - worldid_rewards - INFO - WorldID Reward Distribution System API initialized
2026-02-06 21:06:45,932 - worldid_rewards - ERROR - Unexpected error creating event: (psycopg2.errors.NotNullViolation) null value in column "organizer_id" of relation "events" violates not-null constraint
DETAIL:  Failing row contains (2, null, nfew, nfew, 2026-02-07 06:06:00+00, 2026-02-20 06:06:00+00, t, 2026-02-06 21:06:45.918134+00, null, f, 1).

[SQL: INSERT INTO events (participant_id, name, description, start_date, end_date, is_active, is_published, updated_at) VALUES (%(participant_id)s, %(name)s, %(description)s, %(start_date)s, %(end_date)s, %(is_active)s, %(is_published)s, %(updated_at)s) RETURNING events.id, events.created_at]
[parameters: {'participant_id': 1, 'name': 'nfew', 'description': 'nfew', 'start_date': datetime.datetime(2026, 2, 7, 6, 6), 'end_date': datetime.datetime(2026, 2, 20, 6, 6), 'is_active': True, 'is_published': False, 'updated_at': None}]
(Background on this error at: https://sqlalche.me/e/20/gkpj)
Traceback (most recent call last):
  File "/usr/local/lib/python3.11/site-packages/sqlalchemy/engine/base.py", line 1969, in _exec_single_context
    self.dialect.do_execute(
  File "/usr/local/lib/python3.11/site-packages/sqlalchemy/engine/default.py", line 922, in do_execute
    cursor.execute(statement, parameters)
psycopg2.errors.NotNullViolation: null value in column "organizer_id" of relation "events" violates not-null constraint
DETAIL:  Failing row contains (2, null, nfew, nfew, 2026-02-07 06:06:00+00, 2026-02-20 06:06:00+00, t, 2026-02-06 21:06:45.918134+00, null, f, 1).


The above exception was the direct cause of the following exception:

Traceback (most recent call last):
  File "/app/app/api/routes/events.py", line 51, in create_event
    db.flush()  # Get event ID
    ^^^^^^^^^^
  File "/usr/local/lib/python3.11/site-packages/sqlalchemy/orm/session.py", line 4312, in flush
    self._flush(objects)
  File "/usr/local/lib/python3.11/site-packages/sqlalchemy/orm/session.py", line 4447, in _flush
    with util.safe_reraise():
  File "/usr/local/lib/python3.11/site-packages/sqlalchemy/util/langhelpers.py", line 146, in __exit__
    raise exc_value.with_traceback(exc_tb)
  File "/usr/local/lib/python3.11/site-packages/sqlalchemy/orm/session.py", line 4408, in _flush
    flush_context.execute()
  File "/usr/local/lib/python3.11/site-packages/sqlalchemy/orm/unitofwork.py", line 466, in execute
    rec.execute(self)
  File "/usr/local/lib/python3.11/site-packages/sqlalchemy/orm/unitofwork.py", line 642, in execute
    util.preloaded.orm_persistence.save_obj(
  File "/usr/local/lib/python3.11/site-packages/sqlalchemy/orm/persistence.py", line 93, in save_obj
    _emit_insert_statements(
  File "/usr/local/lib/python3.11/site-packages/sqlalchemy/orm/persistence.py", line 1226, in _emit_insert_statements
    result = connection.execute(
             ^^^^^^^^^^^^^^^^^^^
  File "/usr/local/lib/python3.11/site-packages/sqlalchemy/engine/base.py", line 1416, in execute
    return meth(
           ^^^^^
  File "/usr/local/lib/python3.11/site-packages/sqlalchemy/sql/elements.py", line 516, in _execute_on_connection
    return connection._execute_clauseelement(
           ^^^^^^^^^^^^^^^^^^^^^^^^^^^^^^^^^^
  File "/usr/local/lib/python3.11/site-packages/sqlalchemy/engine/base.py", line 1639, in _execute_clauseelement
    ret = self._execute_context(
          ^^^^^^^^^^^^^^^^^^^^^^
  File "/usr/local/lib/python3.11/site-packages/sqlalchemy/engine/base.py", line 1848, in _execute_context
    return self._exec_single_context(
           ^^^^^^^^^^^^^^^^^^^^^^^^^^
  File "/usr/local/lib/python3.11/site-packages/sqlalchemy/engine/base.py", line 1988, in _exec_single_context
    self._handle_dbapi_exception(
  File "/usr/local/lib/python3.11/site-packages/sqlalchemy/engine/base.py", line 2343, in _handle_dbapi_exception
    raise sqlalchemy_exception.with_traceback(exc_info[2]) from e
  File "/usr/local/lib/python3.11/site-packages/sqlalchemy/engine/base.py", line 1969, in _exec_single_context
    self.dialect.do_execute(
  File "/usr/local/lib/python3.11/site-packages/sqlalchemy/engine/default.py", line 922, in do_execute
    cursor.execute(statement, parameters)
sqlalchemy.exc.IntegrityError: (psycopg2.errors.NotNullViolation) null value in column "organizer_id" of relation "events" violates not-null constraint
DETAIL:  Failing row contains (2, null, nfew, nfew, 2026-02-07 06:06:00+00, 2026-02-20 06:06:00+00, t, 2026-02-06 21:06:45.918134+00, null, f, 1).

[SQL: INSERT INTO events (participant_id, name, description, start_date, end_date, is_active, is_published, updated_at) VALUES (%(participant_id)s, %(name)s, %(description)s, %(start_date)s, %(end_date)s, %(is_active)s, %(is_published)s, %(updated_at)s) RETURNING events.id, events.created_at]
[parameters: {'participant_id': 1, 'name': 'nfew', 'description': 'nfew', 'start_date': datetime.datetime(2026, 2, 7, 6, 6), 'end_date': datetime.datetime(2026, 2, 20, 6, 6), 'is_active': True, 'is_published': False, 'updated_at': None}]
(Background on this error at: https://sqlalche.me/e/20/gkpj)
2026-02-06 21:07:22,516 - worldid_rewards - INFO - WorldID Reward Distribution System API initialized
2026-02-06 21:10:01,738 - worldid_rewards - INFO - WorldID Reward Distribution System API initialized
2026-02-06 21:11:39,145 - worldid_rewards - INFO - Participant authenticated: 1 (Google ID: 117723283014950947618)
2026-02-06 21:17:31,595 - worldid_rewards - INFO - WorldID Reward Distribution System API initialized
2026-02-06 21:18:04,480 - worldid_rewards - INFO - Participant authenticated: 1 (Google ID: 117723283014950947618)
